Memoire totale : 1,8 GiB
Instanciation du bot "Random"
6 classes ont ete trouvees
class awele.bot.demo.first.FirstBot
class awele.bot.demo.random.RandomBot
class awele.bot.demo.last.LastBot
class awele.bot.demo.minmax.MinMaxBot
class awele.bot.demo.knn2.Knn2Bot
class awele.bot.demo.knn1.Knn1Bot

Bot 1/6
Classe : awele.bot.demo.first.FirstBot
Instanciation du bot "First"
Nom du bot : First
Temps d'apprentissage : 00:00:00.000
Duree d'une prise de decision : 00:00:00.000
Usage memoire : 2,3 KiB
Usage memoire maximum : 404,4 KiB

Bot 2/6
Classe : awele.bot.demo.random.RandomBot
Instanciation du bot "Random"
Nom du bot : Random
Temps d'apprentissage : 00:00:00.000
Duree d'une prise de decision : 00:00:00.000
Usage memoire : 592 B
Usage memoire maximum : 389,2 KiB

Bot 3/6
Classe : awele.bot.demo.last.LastBot
Instanciation du bot "Last"
Nom du bot : Last
Temps d'apprentissage : 00:00:00.000
Duree d'une prise de decision : 00:00:00.000
Usage memoire : 608 B
Usage memoire maximum : 381,2 KiB

Bot 4/6
Classe : awele.bot.demo.minmax.MinMaxBot
Instanciation du bot "MinMax"
Nom du bot : MinMax
Temps d'apprentissage : 00:00:00.000
Duree d'une prise de decision : 00:00:00.146
Usage memoire : 1,3 KiB
Usage memoire maximum : 3,5 MiB

Bot 5/6
Classe : awele.bot.demo.knn2.Knn2Bot
Instanciation du bot "k-NN2"
Nom du bot : k-NN2
Temps d'apprentissage : 00:00:00.014
Duree d'une prise de decision : 00:00:00.000
Usage memoire : 26,5 KiB
Usage memoire maximum : 1,7 MiB

Bot 6/6
Classe : awele.bot.demo.knn1.Knn1Bot
Instanciation du bot "k-NN1"
Nom du bot : k-NN1
Temps d'apprentissage : 00:00:00.003
Duree d'une prise de decision : 00:00:00.000
Usage memoire : 12,4 KiB
Usage memoire maximum : 896,4 KiB

6 bots ont ete instancies
Duree du chargement : 00:00:06.946
Memoire utilisee : 1,3 MiB

Que le championnat commence !

Affrontement 1/15
First vs. Random
Score : 1.42 - 1.57
Random a gagne
Nombre de coups joues : 157.69 par match
Duree : 00:00:00.000 par match
Memoire utilisee : 1,3 MiB

Affrontement 2/15
First vs. Last
Score : 0.0 - 3.0
Last a gagne
Nombre de coups joues : 291.5 par match
Duree : 00:00:00.000 par match
Memoire utilisee : 1,4 MiB

Affrontement 3/15
First vs. MinMax
Score : 0.0 - 3.0
MinMax a gagne
Nombre de coups joues : 40.96 par match
Duree : 00:00:02.538 par match
Memoire utilisee : 1,4 MiB

Affrontement 4/15
First vs. k-NN2
Score : 0.39 - 2.61
k-NN2 a gagne
Nombre de coups joues : 203.485 par match
Duree : 00:00:00.003 par match
Memoire utilisee : 1,4 MiB

Affrontement 5/15
First vs. k-NN1
Score : 0.7 - 2.29
k-NN1 a gagne
Nombre de coups joues : 190.405 par match
Duree : 00:00:00.001 par match
Memoire utilisee : 1,4 MiB

Affrontement 6/15
Random vs. Last
Score : 0.06 - 2.94
Last a gagne
Nombre de coups joues : 108.14 par match
Duree : 00:00:00.000 par match
Memoire utilisee : 1,3 MiB

Affrontement 7/15
Random vs. MinMax
