Memoire totale : 4,0 GiB
Instanciation du bot "Random"
3 classes ont ete trouvees
class awele.bot.competitor.last.LastBot
class awele.bot.competitor.minmax.MinMaxBot
class awele.bot.competitor.minmaxlast.MinMaxBot

Bot 1/3
Classe : awele.bot.competitor.last.LastBot
Instanciation du bot "Last"
Nom du bot : Last
Auteur(s) : Alexandre Blansche
Temps d'apprentissage : 00:00:00.000
Duree d'une prise de decision : 00:00:00.000
Usage memoire : 2,3 KiB
Usage memoire maximum : 515,8 KiB

Bot 2/3
Classe : awele.bot.competitor.minmax.MinMaxBot
Instanciation du bot "MinMax"
Nom du bot : MinMax
Auteur(s) : Alexandre Blansche
Temps d'apprentissage : 00:00:00.000
Duree d'une prise de decision : 00:00:00.079
Usage memoire : 1,2 KiB
Usage memoire maximum : 124,0 MiB

Bot 3/3
Classe : awele.bot.competitor.minmaxlast.MinMaxBot
Instanciation du bot "MinMaxInverte"
Nom du bot : MinMaxInverte
Auteur(s) : Theo Collet
Temps d'apprentissage : 00:00:00.000
Duree d'une prise de decision : 00:00:00.064
Usage memoire : 1,3 KiB
Usage memoire maximum : 138,0 MiB

3 bots ont ete instancies
Duree du chargement : 00:00:04.103
Memoire utilisee : 1,3 MiB

Que le championnat commence !

Affrontement 1/3
Last vs. MinMax
Score : 0.0 - 3.0
MinMax a gagne
Nombre de coups joues : 56.21 par match
Duree : 00:00:01.941 par match
Memoire utilisee : 1,4 MiB

Affrontement 2/3
Last vs. MinMaxInverte
Score : 0.0 - 3.0
MinMaxInverte a gagne
Nombre de coups joues : 55.67 par match
Duree : 00:00:01.898 par match
Memoire utilisee : 1,5 MiB

Affrontement 3/3
MinMax vs. MinMaxInverte
