Score : 0.0 - 3.0
MinMax a gagné
Nombre de coups joués : 41.41 par match
Durée : 00:00:01.262 par match
Mémoire utilisée : 4,9 MiB

Affrontement 4/15
First vs. k-NN2
Score : 0.33 - 2.67
k-NN2 a gagné
Nombre de coups joués : 186.425 par match
Durée : 00:00:00.001 par match
Mémoire utilisée : 4,9 MiB

Affrontement 5/15
First vs. k-NN1
Score : 0.83 - 2.15
k-NN1 a gagné
Nombre de coups joués : 186.57 par match
Durée : 00:00:00.000 par match
Mémoire utilisée : 4,9 MiB

Affrontement 6/15
Random vs. Last
Score : 0.07 - 2.92
Last a gagné
Nombre de coups joués : 111.055 par match
Durée : 00:00:00.000 par match
Mémoire utilisée : 4,9 MiB

Affrontement 7/15
Random vs. MinMax
